<?xml version="1.0" encoding="UTF-8"?>
<!-- Generated by org.testng.reporters.JUnitReportReporter -->
<testsuite hostname="LAPTOP-JD3JCJ7C" failures="0" tests="1" name="tests.Sanity2" time="0.028" errors="0" timestamp="2021-03-16T20:04:40 IST" skipped="0">
  <testcase classname="tests.Sanity2" name="goToRegister" time="0.028"/>
  <system-out/>
</testsuite> <!-- tests.Sanity2 -->
