<?xml version="1.0" encoding="UTF-8"?>
<!-- Generated by org.testng.reporters.JUnitReportReporter -->
<testsuite hostname="LAPTOP-JD3JCJ7C" failures="0" tests="4" name="tests.Sanity" time="6.415" errors="0" timestamp="2021-03-13T23:55:24 IST" skipped="0">
  <testcase classname="tests.Sanity" name="goToRegister" time="1.010"/>
  <system-out/>
  <testcase classname="tests.Sanity" name="selectAccountTypeIM" time="0.774"/>
  <system-out/>
  <testcase classname="tests.Sanity" name="selectAccountTypeLookingTo" time="0.570"/>
  <system-out/>
  <testcase classname="tests.Sanity" name="verifyURL" time="4.061"/>
  <system-out/>
</testsuite> <!-- tests.Sanity -->
