<?xml version="1.0" encoding="UTF-8"?>
<!-- Generated by org.testng.reporters.JUnitReportReporter -->
<testsuite hostname="LAPTOP-JD3JCJ7C" failures="0" tests="3" name="tests.Sanity" time="20.206" errors="0" timestamp="2021-03-12T10:57:03 IST" skipped="0">
  <testcase classname="tests.Sanity" name="goToRegister" time="10.888"/>
  <system-out/>
  <testcase classname="tests.Sanity" name="selectAccountTypeIM" time="8.629"/>
  <system-out/>
  <testcase classname="tests.Sanity" name="selectAccountTypeLookingTo" time="0.689"/>
  <system-out/>
</testsuite> <!-- tests.Sanity -->
