<?xml version="1.0" encoding="UTF-8"?>
<!-- Generated by org.testng.reporters.JUnitReportReporter -->
<testsuite hostname="LAPTOP-JD3JCJ7C" failures="0" tests="4" name="tests.Sanity" time="19.864" errors="0" timestamp="2021-03-16T20:21:02 IST" skipped="0">
  <testcase classname="tests.Sanity" name="goToRegister" time="17.183"/>
  <system-out/>
  <testcase classname="tests.Sanity" name="selectAccountTypeIM" time="1.182"/>
  <system-out/>
  <testcase classname="tests.Sanity" name="selectAccountTypeLookingTo" time="0.830"/>
  <system-out/>
  <testcase classname="tests.Sanity" name="verifyURL" time="0.669"/>
  <system-out/>
</testsuite> <!-- tests.Sanity -->
