<?xml version="1.0" encoding="UTF-8"?>
<!-- Generated by org.testng.reporters.JUnitReportReporter -->
<testsuite hostname="LAPTOP-JD3JCJ7C" failures="0" tests="4" name="tests.Sanity" time="6.618" errors="0" timestamp="2021-03-16T21:58:15 IST" skipped="0">
  <testcase classname="tests.Sanity" name="goToRegister" time="0.871"/>
  <system-out/>
  <testcase classname="tests.Sanity" name="selectAccountTypeIM" time="2.542"/>
  <system-out/>
  <testcase classname="tests.Sanity" name="selectAccountTypeLookingTo" time="2.673"/>
  <system-out/>
  <testcase classname="tests.Sanity" name="verifyURL" time="0.532"/>
  <system-out/>
</testsuite> <!-- tests.Sanity -->
